<?xml version="1.0" encoding="UTF-8"?>
<!-- Generated by org.testng.reporters.JUnitXMLReporter -->
<testsuite ignored="0" hostname="DESKTOP-HECRAMR" failures="3" tests="26" name="Test" time="1434.785" errors="0" timestamp="2022-03-31T14:33:37 PKT">
  <testcase classname="bluejayengage.Bulkuploaddashboard" name="bulkupload" time="13.513"/>
  <testcase classname="bluejayengage.Filters_dashboard" name="filters" time="30.075"/>
  <testcase classname="bluejayengage.Loginregistration" name="loginreg" time="43.513"/>
  <testcase classname="bluejayengage.Forgotpassword" name="forgotpass" time="25.602"/>
  <testcase classname="bluejayengage.Setnewgoal" name="addgoal" time="21.157"/>
  <testcase classname="bluejayengage.Searchprovider" name="searchpro" time="11.246"/>
  <testcase classname="bluejayengage.Addprovider_adminonsitesnf" name="entrdataprovder" time="22.746"/>
  <testcase classname="bluejayengage.Assigntreatment" name="assigntreat" time="27.187">
    <failure type="org.openqa.selenium.TimeoutException" message="Expected condition failed: waiting for visibility of element located by By.xpath: //*[@id=&amp;quot;currentTreatmentVids&amp;quot;]/div/div[2] (tried for 20 second(s) with 500 milliseconds interval)
Build info: version: &amp;apos;4.0.0&amp;apos;, revision: &amp;apos;3a21814679&amp;apos;
System info: host: &amp;apos;DESKTOP-HECRAMR&amp;apos;, ip: &amp;apos;192.168.0.106&amp;apos;, os.name: &amp;apos;Windows 10&amp;apos;, os.arch: &amp;apos;amd64&amp;apos;, os.version: &amp;apos;10.0&amp;apos;, java.version: &amp;apos;17.0.1&amp;apos;
Driver info: org.openqa.selenium.chrome.ChromeDriver
Capabilities {acceptInsecureCerts: false, browserName: chrome, browserVersion: 99.0.4844.84, chrome: {chromedriverVersion: 98.0.4758.102 (273bf7ac8c90..., userDataDir: C:\Users\user\AppData\Local...}, goog:chromeOptions: {debuggerAddress: localhost:59814}, javascriptEnabled: true, networkConnectionEnabled: false, pageLoadStrategy: normal, platform: WINDOWS, platformName: WINDOWS, proxy: Proxy(), se:cdp: ws://localhost:59814/devtoo..., se:cdpVersion: 99.0.4844.84, setWindowRect: true, strictFileInteractability: false, timeouts: {implicit: 0, pageLoad: 300000, script: 30000}, unhandledPromptBehavior: dismiss and notify, webauthn:extension:credBlob: true, webauthn:extension:largeBlob: true, webauthn:virtualAuthenticators: true}
Session ID: dd522d2049f6b67a795d3431e536c66a">
      <![CDATA[org.openqa.selenium.TimeoutException: Expected condition failed: waiting for visibility of element located by By.xpath: //*[@id="currentTreatmentVids"]/div/div[2] (tried for 20 second(s) with 500 milliseconds interval)
Build info: version: '4.0.0', revision: '3a21814679'
System info: host: 'DESKTOP-HECRAMR', ip: '192.168.0.106', os.name: 'Windows 10', os.arch: 'amd64', os.version: '10.0', java.version: '17.0.1'
Driver info: org.openqa.selenium.chrome.ChromeDriver
Capabilities {acceptInsecureCerts: false, browserName: chrome, browserVersion: 99.0.4844.84, chrome: {chromedriverVersion: 98.0.4758.102 (273bf7ac8c90..., userDataDir: C:\Users\user\AppData\Local...}, goog:chromeOptions: {debuggerAddress: localhost:59814}, javascriptEnabled: true, networkConnectionEnabled: false, pageLoadStrategy: normal, platform: WINDOWS, platformName: WINDOWS, proxy: Proxy(), se:cdp: ws://localhost:59814/devtoo..., se:cdpVersion: 99.0.4844.84, setWindowRect: true, strictFileInteractability: false, timeouts: {implicit: 0, pageLoad: 300000, script: 30000}, unhandledPromptBehavior: dismiss and notify, webauthn:extension:credBlob: true, webauthn:extension:largeBlob: true, webauthn:virtualAuthenticators: true}
Session ID: dd522d2049f6b67a795d3431e536c66a
at org.openqa.selenium.support.ui.WebDriverWait.timeoutException(WebDriverWait.java:138)
at org.openqa.selenium.support.ui.FluentWait.until(FluentWait.java:231)
at bluejayengage.Assigntreatment.assigntreat(Assigntreatment.java:22)
at java.base/java.util.ArrayList.forEach(ArrayList.java:1511)
... Removed 27 stack frames]]>
    </failure>
  </testcase> <!-- assigntreat -->
  <testcase classname="bluejayengage.Searchpatient" name="searchpat" time="27.044"/>
  <testcase classname="bluejayengage.Addpatientwithoutcaregiver" name="patientwithoutcare" time="6.679"/>
  <testcase classname="bluejayengage.OV_addpatient" name="addpatov" time="43.509"/>
  <testcase classname="bluejayengage.Addpatmanangesnf" name="addpatsnf" time="20.325"/>
  <testcase classname="bluejayengage.Schedule_ov" name="scheduleov" time="31.416"/>
  <testcase classname="bluejayengage.Addprovider_withoutadminsnf" name="enterproviderdata" time="18.231"/>
  <testcase classname="bluejayengage.Edit_provider" name="editprov" time="19.291"/>
  <testcase classname="bluejayengage.Addprovider_withadminrole" name="enterdataprovder" time="18.31"/>
  <testcase classname="bluejayengage.Prescribe_survey" name="setsurvey" time="17.526"/>
  <testcase classname="bluejayengage.Schedulevv_outpatient" name="vvoutpat" time="23.572">
    <failure type="org.openqa.selenium.ElementNotInteractableException" message="element not interactable: [object HTMLDivElement] has no size and location
  (Session info: chrome=99.0.4844.84)
Build info: version: &amp;apos;4.0.0&amp;apos;, revision: &amp;apos;3a21814679&amp;apos;
System info: host: &amp;apos;DESKTOP-HECRAMR&amp;apos;, ip: &amp;apos;192.168.0.106&amp;apos;, os.name: &amp;apos;Windows 10&amp;apos;, os.arch: &amp;apos;amd64&amp;apos;, os.version: &amp;apos;10.0&amp;apos;, java.version: &amp;apos;17.0.1&amp;apos;
Driver info: org.openqa.selenium.chrome.ChromeDriver
Command: [c8a1e12333dd65d1fdb49a2b4085a537, actions {actions=[org.openqa.selenium.interactions.Sequence@45849604]}]
Capabilities {acceptInsecureCerts: false, browserName: chrome, browserVersion: 99.0.4844.84, chrome: {chromedriverVersion: 98.0.4758.102 (273bf7ac8c90..., userDataDir: C:\Users\user\AppData\Local...}, goog:chromeOptions: {debuggerAddress: localhost:52051}, javascriptEnabled: true, networkConnectionEnabled: false, pageLoadStrategy: normal, platform: WINDOWS, platformName: WINDOWS, proxy: Proxy(), se:cdp: ws://localhost:52051/devtoo..., se:cdpVersion: 99.0.4844.84, setWindowRect: true, strictFileInteractability: false, timeouts: {implicit: 0, pageLoad: 300000, script: 30000}, unhandledPromptBehavior: dismiss and notify, webauthn:extension:credBlob: true, webauthn:extension:largeBlob: true, webauthn:virtualAuthenticators: true}
Session ID: c8a1e12333dd65d1fdb49a2b4085a537">
      <![CDATA[org.openqa.selenium.ElementNotInteractableException: element not interactable: [object HTMLDivElement] has no size and location
  (Session info: chrome=99.0.4844.84)
Build info: version: '4.0.0', revision: '3a21814679'
System info: host: 'DESKTOP-HECRAMR', ip: '192.168.0.106', os.name: 'Windows 10', os.arch: 'amd64', os.version: '10.0', java.version: '17.0.1'
Driver info: org.openqa.selenium.chrome.ChromeDriver
Command: [c8a1e12333dd65d1fdb49a2b4085a537, actions {actions=[org.openqa.selenium.interactions.Sequence@45849604]}]
Capabilities {acceptInsecureCerts: false, browserName: chrome, browserVersion: 99.0.4844.84, chrome: {chromedriverVersion: 98.0.4758.102 (273bf7ac8c90..., userDataDir: C:\Users\user\AppData\Local...}, goog:chromeOptions: {debuggerAddress: localhost:52051}, javascriptEnabled: true, networkConnectionEnabled: false, pageLoadStrategy: normal, platform: WINDOWS, platformName: WINDOWS, proxy: Proxy(), se:cdp: ws://localhost:52051/devtoo..., se:cdpVersion: 99.0.4844.84, setWindowRect: true, strictFileInteractability: false, timeouts: {implicit: 0, pageLoad: 300000, script: 30000}, unhandledPromptBehavior: dismiss and notify, webauthn:extension:credBlob: true, webauthn:extension:largeBlob: true, webauthn:virtualAuthenticators: true}
Session ID: c8a1e12333dd65d1fdb49a2b4085a537
at org.openqa.selenium.remote.codec.w3c.W3CHttpResponseCodec.createException(W3CHttpResponseCodec.java:200)
at org.openqa.selenium.remote.codec.w3c.W3CHttpResponseCodec.decode(W3CHttpResponseCodec.java:133)
at org.openqa.selenium.remote.codec.w3c.W3CHttpResponseCodec.decode(W3CHttpResponseCodec.java:53)
at org.openqa.selenium.remote.HttpCommandExecutor.execute(HttpCommandExecutor.java:184)
at org.openqa.selenium.remote.service.DriverCommandExecutor.invokeExecute(DriverCommandExecutor.java:164)
at org.openqa.selenium.remote.service.DriverCommandExecutor.execute(DriverCommandExecutor.java:139)
at org.openqa.selenium.remote.RemoteWebDriver.execute(RemoteWebDriver.java:559)
at org.openqa.selenium.remote.RemoteWebDriver.perform(RemoteWebDriver.java:627)
at org.openqa.selenium.interactions.Actions$BuiltAction.perform(Actions.java:617)
at bluejayengage.Schedulevv_outpatient.vvoutpat(Schedulevv_outpatient.java:70)
at java.base/java.util.ArrayList.forEach(ArrayList.java:1511)
... Removed 32 stack frames]]>
    </failure>
  </testcase> <!-- vvoutpat -->
  <testcase classname="bluejayengage.Favourite" name="addvideo" time="39.565"/>
  <testcase classname="bluejayengage.Addpatientwithcaregiver" name="addpatwithcare" time="7.303"/>
  <testcase classname="bluejayengage.Bulkuploadprovider" name="bulkpro" time="20.635"/>
  <testcase classname="bluejayengage.Schedule_vv" name="vv" time="28.527">
    <failure type="org.openqa.selenium.ElementNotInteractableException" message="element not interactable: [object HTMLDivElement] has no size and location
  (Session info: chrome=99.0.4844.84)
Build info: version: &amp;apos;4.0.0&amp;apos;, revision: &amp;apos;3a21814679&amp;apos;
System info: host: &amp;apos;DESKTOP-HECRAMR&amp;apos;, ip: &amp;apos;192.168.0.106&amp;apos;, os.name: &amp;apos;Windows 10&amp;apos;, os.arch: &amp;apos;amd64&amp;apos;, os.version: &amp;apos;10.0&amp;apos;, java.version: &amp;apos;17.0.1&amp;apos;
Driver info: org.openqa.selenium.chrome.ChromeDriver
Command: [50977c681010bca2324a36804c4ae9cd, actions {actions=[org.openqa.selenium.interactions.Sequence@7bc8da3f]}]
Capabilities {acceptInsecureCerts: false, browserName: chrome, browserVersion: 99.0.4844.84, chrome: {chromedriverVersion: 98.0.4758.102 (273bf7ac8c90..., userDataDir: C:\Users\user\AppData\Local...}, goog:chromeOptions: {debuggerAddress: localhost:60806}, javascriptEnabled: true, networkConnectionEnabled: false, pageLoadStrategy: normal, platform: WINDOWS, platformName: WINDOWS, proxy: Proxy(), se:cdp: ws://localhost:60806/devtoo..., se:cdpVersion: 99.0.4844.84, setWindowRect: true, strictFileInteractability: false, timeouts: {implicit: 0, pageLoad: 300000, script: 30000}, unhandledPromptBehavior: dismiss and notify, webauthn:extension:credBlob: true, webauthn:extension:largeBlob: true, webauthn:virtualAuthenticators: true}
Session ID: 50977c681010bca2324a36804c4ae9cd">
      <![CDATA[org.openqa.selenium.ElementNotInteractableException: element not interactable: [object HTMLDivElement] has no size and location
  (Session info: chrome=99.0.4844.84)
Build info: version: '4.0.0', revision: '3a21814679'
System info: host: 'DESKTOP-HECRAMR', ip: '192.168.0.106', os.name: 'Windows 10', os.arch: 'amd64', os.version: '10.0', java.version: '17.0.1'
Driver info: org.openqa.selenium.chrome.ChromeDriver
Command: [50977c681010bca2324a36804c4ae9cd, actions {actions=[org.openqa.selenium.interactions.Sequence@7bc8da3f]}]
Capabilities {acceptInsecureCerts: false, browserName: chrome, browserVersion: 99.0.4844.84, chrome: {chromedriverVersion: 98.0.4758.102 (273bf7ac8c90..., userDataDir: C:\Users\user\AppData\Local...}, goog:chromeOptions: {debuggerAddress: localhost:60806}, javascriptEnabled: true, networkConnectionEnabled: false, pageLoadStrategy: normal, platform: WINDOWS, platformName: WINDOWS, proxy: Proxy(), se:cdp: ws://localhost:60806/devtoo..., se:cdpVersion: 99.0.4844.84, setWindowRect: true, strictFileInteractability: false, timeouts: {implicit: 0, pageLoad: 300000, script: 30000}, unhandledPromptBehavior: dismiss and notify, webauthn:extension:credBlob: true, webauthn:extension:largeBlob: true, webauthn:virtualAuthenticators: true}
Session ID: 50977c681010bca2324a36804c4ae9cd
at org.openqa.selenium.remote.codec.w3c.W3CHttpResponseCodec.createException(W3CHttpResponseCodec.java:200)
at org.openqa.selenium.remote.codec.w3c.W3CHttpResponseCodec.decode(W3CHttpResponseCodec.java:133)
at org.openqa.selenium.remote.codec.w3c.W3CHttpResponseCodec.decode(W3CHttpResponseCodec.java:53)
at org.openqa.selenium.remote.HttpCommandExecutor.execute(HttpCommandExecutor.java:184)
at org.openqa.selenium.remote.service.DriverCommandExecutor.invokeExecute(DriverCommandExecutor.java:164)
at org.openqa.selenium.remote.service.DriverCommandExecutor.execute(DriverCommandExecutor.java:139)
at org.openqa.selenium.remote.RemoteWebDriver.execute(RemoteWebDriver.java:559)
at org.openqa.selenium.remote.RemoteWebDriver.perform(RemoteWebDriver.java:627)
at org.openqa.selenium.interactions.Actions$BuiltAction.perform(Actions.java:617)
at bluejayengage.Schedule_vv.vv(Schedule_vv.java:81)
at java.base/java.util.ArrayList.forEach(ArrayList.java:1511)
... Removed 32 stack frames]]>
    </failure>
  </testcase> <!-- vv -->
  <testcase classname="bluejayengage.Editprofile" name="editprofile" time="27.444"/>
  <testcase classname="bluejayengage.VV_addpatient" name="vvaddpat" time="60.839"/>
  <testcase classname="bluejayengage.Addprovider_onsitesnf" name="enterdataprovidr" time="22.65"/>
  <testcase classname="bluejayengage.Edit_Patient" name="editpat" time="29.531"/>
</testsuite> <!-- Test -->
